This file contains any messages produced by compilers while
running configure, to aid debugging if configure makes a mistake.

It was created by khttp configure 0.0.1, which was
generated by GNU Autoconf 2.69.  Invocation command line was

  $ ./configure 

## --------- ##
## Platform. ##
## --------- ##

hostname = neng-linux
uname -m = x86_64
uname -r = 4.0.5-1-ARCH
uname -s = Linux
uname -v = #1 SMP PREEMPT Sat Jun 6 18:37:49 CEST 2015

/usr/bin/uname -p = unknown
/bin/uname -X     = unknown

/bin/arch              = unknown
/usr/bin/arch -k       = unknown
/usr/convex/getsysinfo = unknown
/usr/bin/hostinfo      = unknown
/bin/machine           = unknown
/usr/bin/oslevel       = unknown
/bin/universe          = unknown

PATH: /home/neng/.cabal/bin
PATH: /home/neng/.cabal/bin
PATH: /usr/local/sbin
PATH: /usr/local/bin
PATH: /usr/bin
PATH: /usr/lib/jvm/default/bin
PATH: /usr/bin/site_perl
PATH: /usr/bin/vendor_perl
PATH: /usr/bin/core_perl


## ----------- ##
## Core tests. ##
## ----------- ##

configure:2241: checking for a BSD-compatible install
configure:2309: result: /usr/bin/install -c
configure:2320: checking whether build environment is sane
configure:2375: result: yes
configure:2526: checking for a thread-safe mkdir -p
configure:2565: result: /usr/bin/mkdir -p
configure:2572: checking for gawk
configure:2588: found /usr/bin/gawk
configure:2599: result: gawk
configure:2610: checking whether make sets $(MAKE)
configure:2632: result: yes
configure:2661: checking whether make supports nested variables
configure:2678: result: yes
configure:2857: checking for gcc
configure:2873: found /usr/bin/gcc
configure:2884: result: gcc
configure:3113: checking for C compiler version
configure:3122: gcc --version >&5
gcc (GCC) 5.1.0
Copyright (C) 2015 Free Software Foundation, Inc.
This is free software; see the source for copying conditions.  There is NO
warranty; not even for MERCHANTABILITY or FITNESS FOR A PARTICULAR PURPOSE.

configure:3133: $? = 0
configure:3122: gcc -v >&5
Using built-in specs.
COLLECT_GCC=gcc
COLLECT_LTO_WRAPPER=/usr/lib/gcc/x86_64-unknown-linux-gnu/5.1.0/lto-wrapper
Target: x86_64-unknown-linux-gnu
Configured with: /build/gcc-multilib/src/gcc-5-20150519/configure --prefix=/usr --libdir=/usr/lib --libexecdir=/usr/lib --mandir=/usr/share/man --infodir=/usr/share/info --with-bugurl=https://bugs.archlinux.org/ --enable-languages=c,c++,ada,fortran,go,lto,objc,obj-c++ --enable-shared --enable-threads=posix --enable-libmpx --with-system-zlib --with-isl --enable-__cxa_atexit --disable-libunwind-exceptions --enable-clocale=gnu --disable-libstdcxx-pch --disable-libssp --enable-gnu-unique-object --enable-linker-build-id --enable-lto --enable-plugin --enable-install-libiberty --with-linker-hash-style=gnu --enable-gnu-indirect-function --enable-multilib --disable-werror --enable-checking=release --with-default-libstdcxx-abi=c++98
Thread model: posix
gcc version 5.1.0 (GCC) 
configure:3133: $? = 0
configure:3122: gcc -V >&5
gcc: error: unrecognized command line option '-V'
gcc: fatal error: no input files
compilation terminated.
configure:3133: $? = 1
configure:3122: gcc -qversion >&5
gcc: error: unrecognized command line option '-qversion'
gcc: fatal error: no input files
compilation terminated.
configure:3133: $? = 1
configure:3153: checking whether the C compiler works
configure:3175: gcc    conftest.c  >&5
configure:3179: $? = 0
configure:3227: result: yes
configure:3230: checking for C compiler default output file name
configure:3232: result: a.out
configure:3238: checking for suffix of executables
configure:3245: gcc -o conftest    conftest.c  >&5
configure:3249: $? = 0
configure:3271: result: 
configure:3293: checking whether we are cross compiling
configure:3301: gcc -o conftest    conftest.c  >&5
configure:3305: $? = 0
configure:3312: ./conftest
configure:3316: $? = 0
configure:3331: result: no
configure:3336: checking for suffix of object files
configure:3358: gcc -c   conftest.c >&5
configure:3362: $? = 0
configure:3383: result: o
configure:3387: checking whether we are using the GNU C compiler
configure:3406: gcc -c   conftest.c >&5
configure:3406: $? = 0
configure:3415: result: yes
configure:3424: checking whether gcc accepts -g
configure:3444: gcc -c -g  conftest.c >&5
configure:3444: $? = 0
configure:3485: result: yes
configure:3502: checking for gcc option to accept ISO C89
configure:3565: gcc  -c   conftest.c >&5
configure:3565: $? = 0
configure:3578: result: none needed
configure:3603: checking whether gcc understands -c and -o together
configure:3625: gcc -c conftest.c -o conftest2.o
configure:3628: $? = 0
configure:3625: gcc -c conftest.c -o conftest2.o
configure:3628: $? = 0
configure:3640: result: yes
configure:3668: checking for style of include used by make
configure:3696: result: GNU
configure:3722: checking dependency style of gcc
configure:3833: result: gcc3
configure:3858: checking how to run the C preprocessor
configure:3889: gcc -E  conftest.c
configure:3889: $? = 0
configure:3903: gcc -E  conftest.c
conftest.c:11:28: fatal error: ac_nonexistent.h: No such file or directory
compilation terminated.
configure:3903: $? = 1
configure: failed program was:
| /* confdefs.h */
| #define PACKAGE_NAME "khttp"
| #define PACKAGE_TARNAME "khttp"
| #define PACKAGE_VERSION "0.0.1"
| #define PACKAGE_STRING "khttp 0.0.1"
| #define PACKAGE_BUGREPORT "xieweineng@gmail.com"
| #define PACKAGE_URL ""
| #define PACKAGE "khttpd"
| #define VERSION "0.0.1"
| /* end confdefs.h.  */
| #include <ac_nonexistent.h>
configure:3928: result: gcc -E
configure:3948: gcc -E  conftest.c
configure:3948: $? = 0
configure:3962: gcc -E  conftest.c
conftest.c:11:28: fatal error: ac_nonexistent.h: No such file or directory
compilation terminated.
configure:3962: $? = 1
configure: failed program was:
| /* confdefs.h */
| #define PACKAGE_NAME "khttp"
| #define PACKAGE_TARNAME "khttp"
| #define PACKAGE_VERSION "0.0.1"
| #define PACKAGE_STRING "khttp 0.0.1"
| #define PACKAGE_BUGREPORT "xieweineng@gmail.com"
| #define PACKAGE_URL ""
| #define PACKAGE "khttpd"
| #define VERSION "0.0.1"
| /* end confdefs.h.  */
| #include <ac_nonexistent.h>
configure:3991: checking for grep that handles long lines and -e
configure:4049: result: /usr/bin/grep
configure:4054: checking for egrep
configure:4116: result: /usr/bin/grep -E
configure:4121: checking for ANSI C header files
configure:4141: gcc -c   conftest.c >&5
configure:4141: $? = 0
configure:4214: gcc -o conftest    conftest.c  >&5
configure:4214: $? = 0
configure:4214: ./conftest
configure:4214: $? = 0
configure:4225: result: yes
configure:4238: checking for sys/types.h
configure:4238: gcc -c   conftest.c >&5
configure:4238: $? = 0
configure:4238: result: yes
configure:4238: checking for sys/stat.h
configure:4238: gcc -c   conftest.c >&5
configure:4238: $? = 0
configure:4238: result: yes
configure:4238: checking for stdlib.h
configure:4238: gcc -c   conftest.c >&5
configure:4238: $? = 0
configure:4238: result: yes
configure:4238: checking for string.h
configure:4238: gcc -c   conftest.c >&5
configure:4238: $? = 0
configure:4238: result: yes
configure:4238: checking for memory.h
configure:4238: gcc -c   conftest.c >&5
configure:4238: $? = 0
configure:4238: result: yes
configure:4238: checking for strings.h
configure:4238: gcc -c   conftest.c >&5
configure:4238: $? = 0
configure:4238: result: yes
configure:4238: checking for inttypes.h
configure:4238: gcc -c   conftest.c >&5
configure:4238: $? = 0
configure:4238: result: yes
configure:4238: checking for stdint.h
configure:4238: gcc -c   conftest.c >&5
configure:4238: $? = 0
configure:4238: result: yes
configure:4238: checking for unistd.h
configure:4238: gcc -c   conftest.c >&5
configure:4238: $? = 0
configure:4238: result: yes
configure:4253: checking arpa/inet.h usability
configure:4253: gcc -c   conftest.c >&5
configure:4253: $? = 0
configure:4253: result: yes
configure:4253: checking arpa/inet.h presence
configure:4253: gcc -E  conftest.c
configure:4253: $? = 0
configure:4253: result: yes
configure:4253: checking for arpa/inet.h
configure:4253: result: yes
configure:4253: checking fcntl.h usability
configure:4253: gcc -c   conftest.c >&5
configure:4253: $? = 0
configure:4253: result: yes
configure:4253: checking fcntl.h presence
configure:4253: gcc -E  conftest.c
configure:4253: $? = 0
configure:4253: result: yes
configure:4253: checking for fcntl.h
configure:4253: result: yes
configure:4253: checking netdb.h usability
configure:4253: gcc -c   conftest.c >&5
configure:4253: $? = 0
configure:4253: result: yes
configure:4253: checking netdb.h presence
configure:4253: gcc -E  conftest.c
configure:4253: $? = 0
configure:4253: result: yes
configure:4253: checking for netdb.h
configure:4253: result: yes
configure:4253: checking netinet/in.h usability
configure:4253: gcc -c   conftest.c >&5
configure:4253: $? = 0
configure:4253: result: yes
configure:4253: checking netinet/in.h presence
configure:4253: gcc -E  conftest.c
configure:4253: $? = 0
configure:4253: result: yes
configure:4253: checking for netinet/in.h
configure:4253: result: yes
configure:4253: checking for stdlib.h
configure:4253: result: yes
configure:4253: checking for string.h
configure:4253: result: yes
configure:4253: checking sys/socket.h usability
configure:4253: gcc -c   conftest.c >&5
configure:4253: $? = 0
configure:4253: result: yes
configure:4253: checking sys/socket.h presence
configure:4253: gcc -E  conftest.c
configure:4253: $? = 0
configure:4253: result: yes
configure:4253: checking for sys/socket.h
configure:4253: result: yes
configure:4253: checking for unistd.h
configure:4253: result: yes
configure:4265: checking for pid_t
configure:4265: gcc -c   conftest.c >&5
configure:4265: $? = 0
configure:4265: gcc -c   conftest.c >&5
conftest.c: In function 'main':
conftest.c:65:20: error: expected expression before ')' token
 if (sizeof ((pid_t)))
                    ^
configure:4265: $? = 1
configure: failed program was:
| /* confdefs.h */
| #define PACKAGE_NAME "khttp"
| #define PACKAGE_TARNAME "khttp"
| #define PACKAGE_VERSION "0.0.1"
| #define PACKAGE_STRING "khttp 0.0.1"
| #define PACKAGE_BUGREPORT "xieweineng@gmail.com"
| #define PACKAGE_URL ""
| #define PACKAGE "khttpd"
| #define VERSION "0.0.1"
| #define STDC_HEADERS 1
| #define HAVE_SYS_TYPES_H 1
| #define HAVE_SYS_STAT_H 1
| #define HAVE_STDLIB_H 1
| #define HAVE_STRING_H 1
| #define HAVE_MEMORY_H 1
| #define HAVE_STRINGS_H 1
| #define HAVE_INTTYPES_H 1
| #define HAVE_STDINT_H 1
| #define HAVE_UNISTD_H 1
| #define HAVE_ARPA_INET_H 1
| #define HAVE_FCNTL_H 1
| #define HAVE_NETDB_H 1
| #define HAVE_NETINET_IN_H 1
| #define HAVE_STDLIB_H 1
| #define HAVE_STRING_H 1
| #define HAVE_SYS_SOCKET_H 1
| #define HAVE_UNISTD_H 1
| /* end confdefs.h.  */
| #include <stdio.h>
| #ifdef HAVE_SYS_TYPES_H
| # include <sys/types.h>
| #endif
| #ifdef HAVE_SYS_STAT_H
| # include <sys/stat.h>
| #endif
| #ifdef STDC_HEADERS
| # include <stdlib.h>
| # include <stddef.h>
| #else
| # ifdef HAVE_STDLIB_H
| #  include <stdlib.h>
| # endif
| #endif
| #ifdef HAVE_STRING_H
| # if !defined STDC_HEADERS && defined HAVE_MEMORY_H
| #  include <memory.h>
| # endif
| # include <string.h>
| #endif
| #ifdef HAVE_STRINGS_H
| # include <strings.h>
| #endif
| #ifdef HAVE_INTTYPES_H
| # include <inttypes.h>
| #endif
| #ifdef HAVE_STDINT_H
| # include <stdint.h>
| #endif
| #ifdef HAVE_UNISTD_H
| # include <unistd.h>
| #endif
| int
| main ()
| {
| if (sizeof ((pid_t)))
| 	    return 0;
|   ;
|   return 0;
| }
configure:4265: result: yes
configure:4276: checking for size_t
configure:4276: gcc -c   conftest.c >&5
configure:4276: $? = 0
configure:4276: gcc -c   conftest.c >&5
conftest.c: In function 'main':
conftest.c:65:21: error: expected expression before ')' token
 if (sizeof ((size_t)))
                     ^
configure:4276: $? = 1
configure: failed program was:
| /* confdefs.h */
| #define PACKAGE_NAME "khttp"
| #define PACKAGE_TARNAME "khttp"
| #define PACKAGE_VERSION "0.0.1"
| #define PACKAGE_STRING "khttp 0.0.1"
| #define PACKAGE_BUGREPORT "xieweineng@gmail.com"
| #define PACKAGE_URL ""
| #define PACKAGE "khttpd"
| #define VERSION "0.0.1"
| #define STDC_HEADERS 1
| #define HAVE_SYS_TYPES_H 1
| #define HAVE_SYS_STAT_H 1
| #define HAVE_STDLIB_H 1
| #define HAVE_STRING_H 1
| #define HAVE_MEMORY_H 1
| #define HAVE_STRINGS_H 1
| #define HAVE_INTTYPES_H 1
| #define HAVE_STDINT_H 1
| #define HAVE_UNISTD_H 1
| #define HAVE_ARPA_INET_H 1
| #define HAVE_FCNTL_H 1
| #define HAVE_NETDB_H 1
| #define HAVE_NETINET_IN_H 1
| #define HAVE_STDLIB_H 1
| #define HAVE_STRING_H 1
| #define HAVE_SYS_SOCKET_H 1
| #define HAVE_UNISTD_H 1
| /* end confdefs.h.  */
| #include <stdio.h>
| #ifdef HAVE_SYS_TYPES_H
| # include <sys/types.h>
| #endif
| #ifdef HAVE_SYS_STAT_H
| # include <sys/stat.h>
| #endif
| #ifdef STDC_HEADERS
| # include <stdlib.h>
| # include <stddef.h>
| #else
| # ifdef HAVE_STDLIB_H
| #  include <stdlib.h>
| # endif
| #endif
| #ifdef HAVE_STRING_H
| # if !defined STDC_HEADERS && defined HAVE_MEMORY_H
| #  include <memory.h>
| # endif
| # include <string.h>
| #endif
| #ifdef HAVE_STRINGS_H
| # include <strings.h>
| #endif
| #ifdef HAVE_INTTYPES_H
| # include <inttypes.h>
| #endif
| #ifdef HAVE_STDINT_H
| # include <stdint.h>
| #endif
| #ifdef HAVE_UNISTD_H
| # include <unistd.h>
| #endif
| int
| main ()
| {
| if (sizeof ((size_t)))
| 	    return 0;
|   ;
|   return 0;
| }
configure:4276: result: yes
configure:4287: checking for ssize_t
configure:4287: gcc -c   conftest.c >&5
configure:4287: $? = 0
configure:4287: gcc -c   conftest.c >&5
conftest.c: In function 'main':
conftest.c:65:22: error: expected expression before ')' token
 if (sizeof ((ssize_t)))
                      ^
configure:4287: $? = 1
configure: failed program was:
| /* confdefs.h */
| #define PACKAGE_NAME "khttp"
| #define PACKAGE_TARNAME "khttp"
| #define PACKAGE_VERSION "0.0.1"
| #define PACKAGE_STRING "khttp 0.0.1"
| #define PACKAGE_BUGREPORT "xieweineng@gmail.com"
| #define PACKAGE_URL ""
| #define PACKAGE "khttpd"
| #define VERSION "0.0.1"
| #define STDC_HEADERS 1
| #define HAVE_SYS_TYPES_H 1
| #define HAVE_SYS_STAT_H 1
| #define HAVE_STDLIB_H 1
| #define HAVE_STRING_H 1
| #define HAVE_MEMORY_H 1
| #define HAVE_STRINGS_H 1
| #define HAVE_INTTYPES_H 1
| #define HAVE_STDINT_H 1
| #define HAVE_UNISTD_H 1
| #define HAVE_ARPA_INET_H 1
| #define HAVE_FCNTL_H 1
| #define HAVE_NETDB_H 1
| #define HAVE_NETINET_IN_H 1
| #define HAVE_STDLIB_H 1
| #define HAVE_STRING_H 1
| #define HAVE_SYS_SOCKET_H 1
| #define HAVE_UNISTD_H 1
| /* end confdefs.h.  */
| #include <stdio.h>
| #ifdef HAVE_SYS_TYPES_H
| # include <sys/types.h>
| #endif
| #ifdef HAVE_SYS_STAT_H
| # include <sys/stat.h>
| #endif
| #ifdef STDC_HEADERS
| # include <stdlib.h>
| # include <stddef.h>
| #else
| # ifdef HAVE_STDLIB_H
| #  include <stdlib.h>
| # endif
| #endif
| #ifdef HAVE_STRING_H
| # if !defined STDC_HEADERS && defined HAVE_MEMORY_H
| #  include <memory.h>
| # endif
| # include <string.h>
| #endif
| #ifdef HAVE_STRINGS_H
| # include <strings.h>
| #endif
| #ifdef HAVE_INTTYPES_H
| # include <inttypes.h>
| #endif
| #ifdef HAVE_STDINT_H
| # include <stdint.h>
| #endif
| #ifdef HAVE_UNISTD_H
| # include <unistd.h>
| #endif
| int
| main ()
| {
| if (sizeof ((ssize_t)))
| 	    return 0;
|   ;
|   return 0;
| }
configure:4287: result: yes
configure:4302: checking vfork.h usability
configure:4302: gcc -c   conftest.c >&5
conftest.c:62:19: fatal error: vfork.h: No such file or directory
compilation terminated.
configure:4302: $? = 1
configure: failed program was:
| /* confdefs.h */
| #define PACKAGE_NAME "khttp"
| #define PACKAGE_TARNAME "khttp"
| #define PACKAGE_VERSION "0.0.1"
| #define PACKAGE_STRING "khttp 0.0.1"
| #define PACKAGE_BUGREPORT "xieweineng@gmail.com"
| #define PACKAGE_URL ""
| #define PACKAGE "khttpd"
| #define VERSION "0.0.1"
| #define STDC_HEADERS 1
| #define HAVE_SYS_TYPES_H 1
| #define HAVE_SYS_STAT_H 1
| #define HAVE_STDLIB_H 1
| #define HAVE_STRING_H 1
| #define HAVE_MEMORY_H 1
| #define HAVE_STRINGS_H 1
| #define HAVE_INTTYPES_H 1
| #define HAVE_STDINT_H 1
| #define HAVE_UNISTD_H 1
| #define HAVE_ARPA_INET_H 1
| #define HAVE_FCNTL_H 1
| #define HAVE_NETDB_H 1
| #define HAVE_NETINET_IN_H 1
| #define HAVE_STDLIB_H 1
| #define HAVE_STRING_H 1
| #define HAVE_SYS_SOCKET_H 1
| #define HAVE_UNISTD_H 1
| /* end confdefs.h.  */
| #include <stdio.h>
| #ifdef HAVE_SYS_TYPES_H
| # include <sys/types.h>
| #endif
| #ifdef HAVE_SYS_STAT_H
| # include <sys/stat.h>
| #endif
| #ifdef STDC_HEADERS
| # include <stdlib.h>
| # include <stddef.h>
| #else
| # ifdef HAVE_STDLIB_H
| #  include <stdlib.h>
| # endif
| #endif
| #ifdef HAVE_STRING_H
| # if !defined STDC_HEADERS && defined HAVE_MEMORY_H
| #  include <memory.h>
| # endif
| # include <string.h>
| #endif
| #ifdef HAVE_STRINGS_H
| # include <strings.h>
| #endif
| #ifdef HAVE_INTTYPES_H
| # include <inttypes.h>
| #endif
| #ifdef HAVE_STDINT_H
| # include <stdint.h>
| #endif
| #ifdef HAVE_UNISTD_H
| # include <unistd.h>
| #endif
| #include <vfork.h>
configure:4302: result: no
configure:4302: checking vfork.h presence
configure:4302: gcc -E  conftest.c
conftest.c:29:19: fatal error: vfork.h: No such file or directory
compilation terminated.
configure:4302: $? = 1
configure: failed program was:
| /* confdefs.h */
| #define PACKAGE_NAME "khttp"
| #define PACKAGE_TARNAME "khttp"
| #define PACKAGE_VERSION "0.0.1"
| #define PACKAGE_STRING "khttp 0.0.1"
| #define PACKAGE_BUGREPORT "xieweineng@gmail.com"
| #define PACKAGE_URL ""
| #define PACKAGE "khttpd"
| #define VERSION "0.0.1"
| #define STDC_HEADERS 1
| #define HAVE_SYS_TYPES_H 1
| #define HAVE_SYS_STAT_H 1
| #define HAVE_STDLIB_H 1
| #define HAVE_STRING_H 1
| #define HAVE_MEMORY_H 1
| #define HAVE_STRINGS_H 1
| #define HAVE_INTTYPES_H 1
| #define HAVE_STDINT_H 1
| #define HAVE_UNISTD_H 1
| #define HAVE_ARPA_INET_H 1
| #define HAVE_FCNTL_H 1
| #define HAVE_NETDB_H 1
| #define HAVE_NETINET_IN_H 1
| #define HAVE_STDLIB_H 1
| #define HAVE_STRING_H 1
| #define HAVE_SYS_SOCKET_H 1
| #define HAVE_UNISTD_H 1
| /* end confdefs.h.  */
| #include <vfork.h>
configure:4302: result: no
configure:4302: checking for vfork.h
configure:4302: result: no
configure:4315: checking for fork
configure:4315: gcc -o conftest    conftest.c  >&5
conftest.c:52:6: warning: conflicting types for built-in function 'fork'
 char fork ();
      ^
configure:4315: $? = 0
configure:4315: result: yes
configure:4315: checking for vfork
configure:4315: gcc -o conftest    conftest.c  >&5
configure:4315: $? = 0
configure:4315: result: yes
configure:4325: checking for working fork
configure:4347: gcc -o conftest    conftest.c  >&5
configure:4347: $? = 0
configure:4347: ./conftest
configure:4347: $? = 0
configure:4357: result: yes
configure:4378: checking for working vfork
configure:4488: result: yes
configure:4515: checking for stdlib.h
configure:4515: result: yes
configure:4525: checking for GNU libc compatible malloc
configure:4549: gcc -o conftest    conftest.c  >&5
configure:4549: $? = 0
configure:4549: ./conftest
configure:4549: $? = 0
configure:4559: result: yes
configure:4583: checking for dup2
configure:4583: gcc -o conftest    conftest.c  >&5
configure:4583: $? = 0
configure:4583: result: yes
configure:4583: checking for memset
configure:4583: gcc -o conftest    conftest.c  >&5
conftest.c:59:6: warning: conflicting types for built-in function 'memset'
 char memset ();
      ^
configure:4583: $? = 0
configure:4583: result: yes
configure:4583: checking for putenv
configure:4583: gcc -o conftest    conftest.c  >&5
configure:4583: $? = 0
configure:4583: result: yes
configure:4583: checking for socket
configure:4583: gcc -o conftest    conftest.c  >&5
configure:4583: $? = 0
configure:4583: result: yes
configure:4583: checking for strerror
configure:4583: gcc -o conftest    conftest.c  >&5
configure:4583: $? = 0
configure:4583: result: yes
configure:4740: checking that generated files are newer than configure
configure:4746: result: done
configure:4769: creating ./config.status

## ---------------------- ##
## Running config.status. ##
## ---------------------- ##

This file was extended by khttp config.status 0.0.1, which was
generated by GNU Autoconf 2.69.  Invocation command line was

  CONFIG_FILES    = 
  CONFIG_HEADERS  = 
  CONFIG_LINKS    = 
  CONFIG_COMMANDS = 
  $ ./config.status 

on neng-linux

config.status:780: creating Makefile
config.status:780: creating src/Makefile
config.status:952: executing depfiles commands

## ---------------- ##
## Cache variables. ##
## ---------------- ##

ac_cv_c_compiler_gnu=yes
ac_cv_env_CC_set=
ac_cv_env_CC_value=
ac_cv_env_CFLAGS_set=
ac_cv_env_CFLAGS_value=
ac_cv_env_CPPFLAGS_set=
ac_cv_env_CPPFLAGS_value=
ac_cv_env_CPP_set=
ac_cv_env_CPP_value=
ac_cv_env_LDFLAGS_set=
ac_cv_env_LDFLAGS_value=
ac_cv_env_LIBS_set=
ac_cv_env_LIBS_value=
ac_cv_env_build_alias_set=
ac_cv_env_build_alias_value=
ac_cv_env_host_alias_set=
ac_cv_env_host_alias_value=
ac_cv_env_target_alias_set=
ac_cv_env_target_alias_value=
ac_cv_func_dup2=yes
ac_cv_func_fork=yes
ac_cv_func_fork_works=yes
ac_cv_func_malloc_0_nonnull=yes
ac_cv_func_memset=yes
ac_cv_func_putenv=yes
ac_cv_func_socket=yes
ac_cv_func_strerror=yes
ac_cv_func_vfork=yes
ac_cv_func_vfork_works=yes
ac_cv_header_arpa_inet_h=yes
ac_cv_header_fcntl_h=yes
ac_cv_header_inttypes_h=yes
ac_cv_header_memory_h=yes
ac_cv_header_netdb_h=yes
ac_cv_header_netinet_in_h=yes
ac_cv_header_stdc=yes
ac_cv_header_stdint_h=yes
ac_cv_header_stdlib_h=yes
ac_cv_header_string_h=yes
ac_cv_header_strings_h=yes
ac_cv_header_sys_socket_h=yes
ac_cv_header_sys_stat_h=yes
ac_cv_header_sys_types_h=yes
ac_cv_header_unistd_h=yes
ac_cv_header_vfork_h=no
ac_cv_objext=o
ac_cv_path_EGREP='/usr/bin/grep -E'
ac_cv_path_GREP=/usr/bin/grep
ac_cv_path_install='/usr/bin/install -c'
ac_cv_path_mkdir=/usr/bin/mkdir
ac_cv_prog_AWK=gawk
ac_cv_prog_CPP='gcc -E'
ac_cv_prog_ac_ct_CC=gcc
ac_cv_prog_cc_c89=
ac_cv_prog_cc_g=yes
ac_cv_prog_make_make_set=yes
ac_cv_type_pid_t=yes
ac_cv_type_size_t=yes
ac_cv_type_ssize_t=yes
am_cv_CC_dependencies_compiler_type=gcc3
am_cv_make_support_nested_variables=yes
am_cv_prog_cc_c_o=yes

## ----------------- ##
## Output variables. ##
## ----------------- ##

ACLOCAL='${SHELL} /home/neng/workspace/khttpd/missing aclocal-1.15'
AMDEPBACKSLASH='\'
AMDEP_FALSE='#'
AMDEP_TRUE=''
AMTAR='$${TAR-tar}'
AM_BACKSLASH='\'
AM_DEFAULT_V='$(AM_DEFAULT_VERBOSITY)'
AM_DEFAULT_VERBOSITY='1'
AM_V='$(V)'
AUTOCONF='${SHELL} /home/neng/workspace/khttpd/missing autoconf'
AUTOHEADER='${SHELL} /home/neng/workspace/khttpd/missing autoheader'
AUTOMAKE='${SHELL} /home/neng/workspace/khttpd/missing automake-1.15'
AWK='gawk'
CC='gcc'
CCDEPMODE='depmode=gcc3'
CFLAGS=''
CPP='gcc -E'
CPPFLAGS=''
CYGPATH_W='echo'
DEFS='-DPACKAGE_NAME=\"khttp\" -DPACKAGE_TARNAME=\"khttp\" -DPACKAGE_VERSION=\"0.0.1\" -DPACKAGE_STRING=\"khttp\ 0.0.1\" -DPACKAGE_BUGREPORT=\"xieweineng@gmail.com\" -DPACKAGE_URL=\"\" -DPACKAGE=\"khttpd\" -DVERSION=\"0.0.1\" -DSTDC_HEADERS=1 -DHAVE_SYS_TYPES_H=1 -DHAVE_SYS_STAT_H=1 -DHAVE_STDLIB_H=1 -DHAVE_STRING_H=1 -DHAVE_MEMORY_H=1 -DHAVE_STRINGS_H=1 -DHAVE_INTTYPES_H=1 -DHAVE_STDINT_H=1 -DHAVE_UNISTD_H=1 -DHAVE_ARPA_INET_H=1 -DHAVE_FCNTL_H=1 -DHAVE_NETDB_H=1 -DHAVE_NETINET_IN_H=1 -DHAVE_STDLIB_H=1 -DHAVE_STRING_H=1 -DHAVE_SYS_SOCKET_H=1 -DHAVE_UNISTD_H=1 -DHAVE_FORK=1 -DHAVE_VFORK=1 -DHAVE_WORKING_VFORK=1 -DHAVE_WORKING_FORK=1 -DHAVE_STDLIB_H=1 -DHAVE_MALLOC=1 -DHAVE_DUP2=1 -DHAVE_MEMSET=1 -DHAVE_PUTENV=1 -DHAVE_SOCKET=1 -DHAVE_STRERROR=1'
DEPDIR='.deps'
ECHO_C=''
ECHO_N='-n'
ECHO_T=''
EGREP='/usr/bin/grep -E'
EXEEXT=''
GREP='/usr/bin/grep'
INSTALL_DATA='${INSTALL} -m 644'
INSTALL_PROGRAM='${INSTALL}'
INSTALL_SCRIPT='${INSTALL}'
INSTALL_STRIP_PROGRAM='$(install_sh) -c -s'
LDFLAGS=''
LIBOBJS=''
LIBS=''
LTLIBOBJS=''
MAKEINFO='${SHELL} /home/neng/workspace/khttpd/missing makeinfo'
MKDIR_P='/usr/bin/mkdir -p'
OBJEXT='o'
PACKAGE='khttpd'
PACKAGE_BUGREPORT='xieweineng@gmail.com'
PACKAGE_NAME='khttp'
PACKAGE_STRING='khttp 0.0.1'
PACKAGE_TARNAME='khttp'
PACKAGE_URL=''
PACKAGE_VERSION='0.0.1'
PATH_SEPARATOR=':'
SET_MAKE=''
SHELL='/bin/sh'
STRIP=''
VERSION='0.0.1'
ac_ct_CC='gcc'
am__EXEEXT_FALSE=''
am__EXEEXT_TRUE='#'
am__fastdepCC_FALSE='#'
am__fastdepCC_TRUE=''
am__include='include'
am__isrc=''
am__leading_dot='.'
am__nodep='_no'
am__quote=''
am__tar='$${TAR-tar} chof - "$$tardir"'
am__untar='$${TAR-tar} xf -'
bindir='${exec_prefix}/bin'
build_alias=''
datadir='${datarootdir}'
datarootdir='${prefix}/share'
docdir='${datarootdir}/doc/${PACKAGE_TARNAME}'
dvidir='${docdir}'
exec_prefix='${prefix}'
host_alias=''
htmldir='${docdir}'
includedir='${prefix}/include'
infodir='${datarootdir}/info'
install_sh='${SHELL} /home/neng/workspace/khttpd/install-sh'
libdir='${exec_prefix}/lib'
libexecdir='${exec_prefix}/libexec'
localedir='${datarootdir}/locale'
localstatedir='${prefix}/var'
mandir='${datarootdir}/man'
mkdir_p='$(MKDIR_P)'
oldincludedir='/usr/include'
pdfdir='${docdir}'
prefix='/usr/local'
program_transform_name='s,x,x,'
psdir='${docdir}'
sbindir='${exec_prefix}/sbin'
sharedstatedir='${prefix}/com'
sysconfdir='${prefix}/etc'
target_alias=''

## ----------- ##
## confdefs.h. ##
## ----------- ##

/* confdefs.h */
#define PACKAGE_NAME "khttp"
#define PACKAGE_TARNAME "khttp"
#define PACKAGE_VERSION "0.0.1"
#define PACKAGE_STRING "khttp 0.0.1"
#define PACKAGE_BUGREPORT "xieweineng@gmail.com"
#define PACKAGE_URL ""
#define PACKAGE "khttpd"
#define VERSION "0.0.1"
#define STDC_HEADERS 1
#define HAVE_SYS_TYPES_H 1
#define HAVE_SYS_STAT_H 1
#define HAVE_STDLIB_H 1
#define HAVE_STRING_H 1
#define HAVE_MEMORY_H 1
#define HAVE_STRINGS_H 1
#define HAVE_INTTYPES_H 1
#define HAVE_STDINT_H 1
#define HAVE_UNISTD_H 1
#define HAVE_ARPA_INET_H 1
#define HAVE_FCNTL_H 1
#define HAVE_NETDB_H 1
#define HAVE_NETINET_IN_H 1
#define HAVE_STDLIB_H 1
#define HAVE_STRING_H 1
#define HAVE_SYS_SOCKET_H 1
#define HAVE_UNISTD_H 1
#define HAVE_FORK 1
#define HAVE_VFORK 1
#define HAVE_WORKING_VFORK 1
#define HAVE_WORKING_FORK 1
#define HAVE_STDLIB_H 1
#define HAVE_MALLOC 1
#define HAVE_DUP2 1
#define HAVE_MEMSET 1
#define HAVE_PUTENV 1
#define HAVE_SOCKET 1
#define HAVE_STRERROR 1

configure: exit 0
